<?xml version="1.0" encoding="utf-8"?><testsuites name="pytest tests"><testsuite name="pytest" errors="0" failures="0" skipped="0" tests="14" time="5.828" timestamp="2026-06-17T13:11:29.668305+02:00" hostname="MSI"><testcase classname="products.fraudguard.tests.test_config" name="test_project_config_defaults" time="0.002" /><testcase classname="products.fraudguard.tests.test_data_contract" name="test_valid_data_passes" time="0.042" /><testcase classname="products.fraudguard.tests.test_data_contract" name="test_invalid_data_fails" time="0.002" /><testcase classname="products.fraudguard.tests.test_feature_pipeline" name="test_feature_contract_contains_expected_columns" time="0.000" /><testcase classname="products.fraudguard.tests.test_feature_pipeline" name="test_validate_feature_columns_passes_for_valid_data" time="0.005" /><testcase classname="products.fraudguard.tests.test_feature_pipeline" name="test_validate_feature_columns_fails_for_missing_columns" time="0.005" /><testcase classname="products.fraudguard.tests.test_feature_pipeline" name="test_build_feature_dataset_returns_x_and_y" time="0.042" /><testcase classname="products.fraudguard.tests.test_feature_pipeline" name="test_preprocessor_handles_missing_values_and_unknown_categories" time="0.081" /><testcase classname="products.fraudguard.tests.test_inference_api" name="test_health_endpoint" time="0.006" /><testcase classname="products.fraudguard.tests.test_inference_api" name="test_ready_endpoint" time="0.007" /><testcase classname="products.fraudguard.tests.test_inference_api" name="test_predict_endpoint" time="0.008" /><testcase classname="products.fraudguard.tests.test_metrics" name="test_metrics_endpoint_exists" time="0.013" /><testcase classname="products.fraudguard.tests.test_training" name="test_train_model_creates_metrics" time="0.261" /><testcase classname="products.fraudguard.tests.test_training" name="test_metrics_quality_gate_passes" time="0.003" /></testsuite></testsuites>